<?xml version="1.0" encoding="UTF-8"?>
<!-- Generated by org.testng.reporters.JUnitReportReporter -->
<testsuite hostname="EXIPC0189" name="WebApp.NOC.testcases.LoginPageTestCases" tests="1" failures="0" timestamp="30 Sep 2022 20:07:49 GMT" time="11.580" errors="0">
  <testcase name="validLoginTest" time="11.580" classname="WebApp.NOC.testcases.LoginPageTestCases"/>
</testsuite> <!-- WebApp.NOC.testcases.LoginPageTestCases -->
