<?xml version="1.0" encoding="UTF-8"?>
<!-- Generated by org.testng.reporters.JUnitReportReporter -->
<testsuite hostname="EXIPC0189" name="WebApp.NOC.testcases.HomePageTestCases" tests="1" failures="0" timestamp="26 Sep 2023 14:23:27 GMT" time="85.252" errors="0">
  <testcase name="CreateUrgentAlertsTest" time="85.252" classname="WebApp.NOC.testcases.HomePageTestCases"/>
</testsuite> <!-- WebApp.NOC.testcases.HomePageTestCases -->
